<?xml version="1.0" encoding="UTF-8"?>
<!-- Generated by org.testng.reporters.JUnitReportReporter -->
<testsuite hostname="LAPTOP-R0C776AR" failures="0" tests="1" name="TC001_WeatherApi_Get" time="2.893" errors="0" timestamp="2021-07-22T12:11:45 IST" skipped="0">
  <testcase classname="TC001_WeatherApi_Get" name="getweatherDeatils" time="2.893"/>
  <system-out/>
</testsuite> <!-- TC001_WeatherApi_Get -->
