<?xml version="1.0" encoding="UTF-8"?>
<!-- Generated by org.testng.reporters.JUnitReportReporter -->
<testsuite skipped="0" hostname="LAPTOP-R0C776AR" name="testclasses.Testng_Demo" tests="2" failures="0" timestamp="2021-06-05T15:20:33 IST" time="0.010" errors="0">
  <testcase name="testMethod2" time="0.001" classname="testclasses.Testng_Demo"/>
  <system-out/>
  <testcase name="testMethod1" time="0.009" classname="testclasses.Testng_Demo"/>
  <system-out/>
</testsuite> <!-- testclasses.Testng_Demo -->
